{"/Users/sarthak/Desktop/fleet/materia/src/lib/grades.ts": {"path":"/Users/sarthak/Desktop/fleet/materia/src/lib/grades.ts","statementMap":{"0":{"start":{"line":6,"column":4},"end":{"line":17,"column":null}},"1":{"start":{"line":19,"column":55},"end":{"line":24,"column":null}},"2":{"start":{"line":26,"column":80},"end":{"line":31,"column":null}},"3":{"start":{"line":33,"column":79},"end":{"line":38,"column":null}}},"fnMap":{},"branchMap":{},"s":{"0":1,"1":1,"2":1,"3":1},"f":{},"b":{},"meta":{"lastBranch":0,"lastFunction":0,"lastStatement":4,"seen":{"s:6:4:17:Infinity":0,"s:19:55:24:Infinity":1,"s:26:80:31:Infinity":2,"s:33:79:38:Infinity":3},"fnNames":{}}}
,"/Users/sarthak/Desktop/fleet/materia/src/lib/graph.ts": {"path":"/Users/sarthak/Desktop/fleet/materia/src/lib/graph.ts","statementMap":{"0":{"start":{"line":14,"column":16},"end":{"line":15,"column":null}},"1":{"start":{"line":14,"column":50},"end":{"line":15,"column":null}},"2":{"start":{"line":19,"column":8},"end":{"line":19,"column":null}},"3":{"start":{"line":20,"column":2},"end":{"line":32,"column":null}},"4":{"start":{"line":22,"column":20},"end":{"line":22,"column":null}},"5":{"start":{"line":23,"column":6},"end":{"line":30,"column":null}},"6":{"start":{"line":29,"column":38},"end":{"line":29,"column":72}},"7":{"start":{"line":36,"column":43},"end":{"line":36,"column":null}},"8":{"start":{"line":40,"column":19},"end":{"line":40,"column":null}},"9":{"start":{"line":41,"column":15},"end":{"line":46,"column":null}},"10":{"start":{"line":43,"column":20},"end":{"line":43,"column":null}},"11":{"start":{"line":43,"column":48},"end":{"line":43,"column":80}},"12":{"start":{"line":44,"column":6},"end":{"line":44,"column":null}},"13":{"start":{"line":46,"column":87},"end":{"line":46,"column":97}},"14":{"start":{"line":47,"column":2},"end":{"line":47,"column":null}},"15":{"start":{"line":47,"column":22},"end":{"line":47,"column":75}},"16":{"start":{"line":48,"column":2},"end":{"line":48,"column":null}},"17":{"start":{"line":53,"column":18},"end":{"line":53,"column":null}},"18":{"start":{"line":54,"column":18},"end":{"line":54,"column":null}},"19":{"start":{"line":55,"column":2},"end":{"line":55,"column":null}},"20":{"start":{"line":60,"column":19},"end":{"line":68,"column":null}},"21":{"start":{"line":61,"column":43},"end":{"line":67,"column":6}},"22":{"start":{"line":69,"column":2},"end":{"line":69,"column":null}},"23":{"start":{"line":69,"column":26},"end":{"line":69,"column":67}},"24":{"start":{"line":71,"column":20},"end":{"line":71,"column":null}},"25":{"start":{"line":73,"column":23},"end":{"line":80,"column":null}},"26":{"start":{"line":74,"column":48},"end":{"line":79,"column":6}},"27":{"start":{"line":82,"column":2},"end":{"line":82,"column":null}},"28":{"start":{"line":87,"column":20},"end":{"line":89,"column":null}},"29":{"start":{"line":90,"column":19},"end":{"line":90,"column":null}},"30":{"start":{"line":91,"column":2},"end":{"line":91,"column":null}},"31":{"start":{"line":96,"column":19},"end":{"line":96,"column":null}},"32":{"start":{"line":97,"column":16},"end":{"line":97,"column":null}},"33":{"start":{"line":97,"column":39},"end":{"line":97,"column":90}},"34":{"start":{"line":97,"column":68},"end":{"line":97,"column":89}},"35":{"start":{"line":98,"column":2},"end":{"line":101,"column":null}},"36":{"start":{"line":99,"column":17},"end":{"line":99,"column":null}},"37":{"start":{"line":99,"column":53},"end":{"line":99,"column":94}},"38":{"start":{"line":100,"column":4},"end":{"line":100,"column":null}},"39":{"start":{"line":106,"column":19},"end":{"line":106,"column":null}},"40":{"start":{"line":107,"column":74},"end":{"line":107,"column":null}},"41":{"start":{"line":108,"column":2},"end":{"line":114,"column":null}},"42":{"start":{"line":109,"column":4},"end":{"line":113,"column":null}},"43":{"start":{"line":110,"column":6},"end":{"line":112,"column":null}},"44":{"start":{"line":110,"column":32},"end":{"line":110,"column":50}},"45":{"start":{"line":111,"column":8},"end":{"line":111,"column":null}},"46":{"start":{"line":115,"column":2},"end":{"line":115,"column":null}},"47":{"start":{"line":120,"column":19},"end":{"line":120,"column":null}},"48":{"start":{"line":121,"column":78},"end":{"line":121,"column":null}},"49":{"start":{"line":122,"column":2},"end":{"line":128,"column":null}},"50":{"start":{"line":123,"column":4},"end":{"line":127,"column":null}},"51":{"start":{"line":124,"column":6},"end":{"line":126,"column":null}},"52":{"start":{"line":125,"column":8},"end":{"line":125,"column":null}},"53":{"start":{"line":129,"column":2},"end":{"line":129,"column":null}},"54":{"start":{"line":134,"column":8},"end":{"line":136,"column":null}},"55":{"start":{"line":135,"column":4},"end":{"line":135,"column":null}},"56":{"start":{"line":137,"column":2},"end":{"line":155,"column":null}},"57":{"start":{"line":138,"column":31},"end":{"line":154,"column":6}},"58":{"start":{"line":144,"column":59},"end":{"line":144,"column":93}},"59":{"start":{"line":149,"column":54},"end":{"line":153,"column":8}}},"fnMap":{"0":{"name":"(anonymous_0)","decl":{"start":{"line":14,"column":16},"end":{"line":14,"column":17}},"loc":{"start":{"line":14,"column":50},"end":{"line":15,"column":null}},"line":14},"1":{"name":"getExplorerParts","decl":{"start":{"line":18,"column":22},"end":{"line":18,"column":66}},"loc":{"start":{"line":18,"column":66},"end":{"line":33,"column":null}},"line":18},"2":{"name":"(anonymous_2)","decl":{"start":{"line":21,"column":14},"end":{"line":21,"column":21}},"loc":{"start":{"line":21,"column":27},"end":{"line":31,"column":5}},"line":21},"3":{"name":"(anonymous_3)","decl":{"start":{"line":29,"column":30},"end":{"line":29,"column":31}},"loc":{"start":{"line":29,"column":38},"end":{"line":29,"column":72}},"line":29},"4":{"name":"remediesForCondition","decl":{"start":{"line":39,"column":22},"end":{"line":39,"column":43}},"loc":{"start":{"line":39,"column":66},"end":{"line":49,"column":null}},"line":39},"5":{"name":"(anonymous_5)","decl":{"start":{"line":42,"column":9},"end":{"line":42,"column":10}},"loc":{"start":{"line":42,"column":16},"end":{"line":45,"column":5}},"line":42},"6":{"name":"(anonymous_6)","decl":{"start":{"line":43,"column":41},"end":{"line":43,"column":42}},"loc":{"start":{"line":43,"column":48},"end":{"line":43,"column":80}},"line":43},"7":{"name":"(anonymous_7)","decl":{"start":{"line":46,"column":12},"end":{"line":46,"column":13}},"loc":{"start":{"line":46,"column":87},"end":{"line":46,"column":97}},"line":46},"8":{"name":"(anonymous_8)","decl":{"start":{"line":47,"column":12},"end":{"line":47,"column":13}},"loc":{"start":{"line":47,"column":22},"end":{"line":47,"column":75}},"line":47},"9":{"name":"resolveClaimCitations","decl":{"start":{"line":52,"column":22},"end":{"line":52,"column":44}},"loc":{"start":{"line":52,"column":87},"end":{"line":56,"column":null}},"line":52},"10":{"name":"getRemedyView","decl":{"start":{"line":59,"column":22},"end":{"line":59,"column":36}},"loc":{"start":{"line":59,"column":52},"end":{"line":83,"column":null}},"line":59},"11":{"name":"(anonymous_11)","decl":{"start":{"line":61,"column":29},"end":{"line":61,"column":36}},"loc":{"start":{"line":61,"column":43},"end":{"line":67,"column":6}},"line":61},"12":{"name":"(anonymous_12)","decl":{"start":{"line":69,"column":16},"end":{"line":69,"column":17}},"loc":{"start":{"line":69,"column":26},"end":{"line":69,"column":67}},"line":69},"13":{"name":"(anonymous_13)","decl":{"start":{"line":74,"column":34},"end":{"line":74,"column":41}},"loc":{"start":{"line":74,"column":48},"end":{"line":79,"column":6}},"line":74},"14":{"name":"getConditionView","decl":{"start":{"line":86,"column":22},"end":{"line":86,"column":39}},"loc":{"start":{"line":86,"column":61},"end":{"line":92,"column":null}},"line":86},"15":{"name":"getCompoundView","decl":{"start":{"line":95,"column":22},"end":{"line":95,"column":38}},"loc":{"start":{"line":95,"column":60},"end":{"line":102,"column":null}},"line":95},"16":{"name":"(anonymous_16)","decl":{"start":{"line":97,"column":32},"end":{"line":97,"column":33}},"loc":{"start":{"line":97,"column":39},"end":{"line":97,"column":90}},"line":97},"17":{"name":"(anonymous_17)","decl":{"start":{"line":97,"column":61},"end":{"line":97,"column":62}},"loc":{"start":{"line":97,"column":68},"end":{"line":97,"column":89}},"line":97},"18":{"name":"(anonymous_18)","decl":{"start":{"line":98,"column":19},"end":{"line":98,"column":20}},"loc":{"start":{"line":98,"column":26},"end":{"line":101,"column":3}},"line":98},"19":{"name":"(anonymous_19)","decl":{"start":{"line":99,"column":43},"end":{"line":99,"column":44}},"loc":{"start":{"line":99,"column":53},"end":{"line":99,"column":94}},"line":99},"20":{"name":"getStudyCitedBy","decl":{"start":{"line":105,"column":22},"end":{"line":105,"column":38}},"loc":{"start":{"line":105,"column":57},"end":{"line":116,"column":null}},"line":105},"21":{"name":"(anonymous_21)","decl":{"start":{"line":110,"column":25},"end":{"line":110,"column":26}},"loc":{"start":{"line":110,"column":32},"end":{"line":110,"column":50}},"line":110},"22":{"name":"interactionsInvolving","decl":{"start":{"line":119,"column":22},"end":{"line":119,"column":44}},"loc":{"start":{"line":119,"column":64},"end":{"line":130,"column":null}},"line":119},"23":{"name":"getCheckerData","decl":{"start":{"line":133,"column":22},"end":{"line":133,"column":39}},"loc":{"start":{"line":133,"column":39},"end":{"line":156,"column":null}},"line":133},"24":{"name":"(anonymous_24)","decl":{"start":{"line":134,"column":58},"end":{"line":134,"column":59}},"loc":{"start":{"line":135,"column":4},"end":{"line":135,"column":null}},"line":135},"25":{"name":"(anonymous_25)","decl":{"start":{"line":138,"column":17},"end":{"line":138,"column":24}},"loc":{"start":{"line":138,"column":31},"end":{"line":154,"column":6}},"line":138},"26":{"name":"(anonymous_26)","decl":{"start":{"line":144,"column":51},"end":{"line":144,"column":52}},"loc":{"start":{"line":144,"column":59},"end":{"line":144,"column":93}},"line":144},"27":{"name":"(anonymous_27)","decl":{"start":{"line":149,"column":46},"end":{"line":149,"column":47}},"loc":{"start":{"line":149,"column":54},"end":{"line":153,"column":8}},"line":149}},"branchMap":{"0":{"loc":{"start":{"line":15,"column":3},"end":{"line":15,"column":26}},"type":"binary-expr","locations":[{"start":{"line":15,"column":3},"end":{"line":15,"column":19}},{"start":{"line":15,"column":19},"end":{"line":15,"column":26}}],"line":15},"1":{"loc":{"start":{"line":15,"column":26},"end":{"line":15,"column":null}},"type":"binary-expr","locations":[{"start":{"line":15,"column":26},"end":{"line":15,"column":42}},{"start":{"line":15,"column":42},"end":{"line":15,"column":null}}],"line":15},"2":{"loc":{"start":{"line":22,"column":20},"end":{"line":22,"column":null}},"type":"cond-expr","locations":[{"start":{"line":22,"column":47},"end":{"line":22,"column":85}},{"start":{"line":22,"column":85},"end":{"line":22,"column":null}}],"line":22},"3":{"loc":{"start":{"line":44,"column":13},"end":{"line":44,"column":null}},"type":"cond-expr","locations":[{"start":{"line":44,"column":21},"end":{"line":44,"column":44}},{"start":{"line":44,"column":44},"end":{"line":44,"column":null}}],"line":44},"4":{"loc":{"start":{"line":53,"column":18},"end":{"line":53,"column":null}},"type":"cond-expr","locations":[{"start":{"line":53,"column":41},"end":{"line":53,"column":75}},{"start":{"line":53,"column":75},"end":{"line":53,"column":null}}],"line":53},"5":{"loc":{"start":{"line":54,"column":18},"end":{"line":54,"column":null}},"type":"cond-expr","locations":[{"start":{"line":54,"column":41},"end":{"line":54,"column":75}},{"start":{"line":54,"column":75},"end":{"line":54,"column":null}}],"line":54},"6":{"loc":{"start":{"line":71,"column":20},"end":{"line":71,"column":null}},"type":"cond-expr","locations":[{"start":{"line":71,"column":51},"end":{"line":71,"column":93}},{"start":{"line":71,"column":93},"end":{"line":71,"column":null}}],"line":71},"7":{"loc":{"start":{"line":78,"column":14},"end":{"line":78,"column":null}},"type":"cond-expr","locations":[{"start":{"line":78,"column":25},"end":{"line":78,"column":52}},{"start":{"line":78,"column":52},"end":{"line":78,"column":null}}],"line":78},"8":{"loc":{"start":{"line":87,"column":20},"end":{"line":89,"column":null}},"type":"cond-expr","locations":[{"start":{"line":88,"column":6},"end":{"line":88,"column":null}},{"start":{"line":89,"column":6},"end":{"line":89,"column":null}}],"line":87},"9":{"loc":{"start":{"line":100,"column":35},"end":{"line":100,"column":55}},"type":"binary-expr","locations":[{"start":{"line":100,"column":35},"end":{"line":100,"column":50}},{"start":{"line":100,"column":50},"end":{"line":100,"column":55}}],"line":100},"10":{"loc":{"start":{"line":110,"column":6},"end":{"line":112,"column":null}},"type":"if","locations":[{"start":{"line":110,"column":6},"end":{"line":112,"column":null}},{"start":{},"end":{}}],"line":110},"11":{"loc":{"start":{"line":124,"column":6},"end":{"line":126,"column":null}},"type":"if","locations":[{"start":{"line":124,"column":6},"end":{"line":126,"column":null}},{"start":{},"end":{}}],"line":124},"12":{"loc":{"start":{"line":143,"column":17},"end":{"line":145,"column":null}},"type":"cond-expr","locations":[{"start":{"line":143,"column":34},"end":{"line":144,"column":null}},{"start":{"line":145,"column":10},"end":{"line":145,"column":null}}],"line":143}},"s":{"0":0,"1":0,"2":0,"3":0,"4":0,"5":0,"6":0,"7":0,"8":0,"9":0,"10":0,"11":0,"12":0,"13":0,"14":0,"15":0,"16":0,"17":0,"18":0,"19":0,"20":0,"21":0,"22":0,"23":0,"24":0,"25":0,"26":0,"27":0,"28":0,"29":0,"30":0,"31":0,"32":0,"33":0,"34":0,"35":0,"36":0,"37":0,"38":0,"39":0,"40":0,"41":0,"42":0,"43":0,"44":0,"45":0,"46":0,"47":0,"48":0,"49":0,"50":0,"51":0,"52":0,"53":0,"54":0,"55":0,"56":0,"57":0,"58":0,"59":0},"f":{"0":0,"1":0,"2":0,"3":0,"4":0,"5":0,"6":0,"7":0,"8":0,"9":0,"10":0,"11":0,"12":0,"13":0,"14":0,"15":0,"16":0,"17":0,"18":0,"19":0,"20":0,"21":0,"22":0,"23":0,"24":0,"25":0,"26":0,"27":0},"b":{"0":[0,0],"1":[0,0],"2":[0,0],"3":[0,0],"4":[0,0],"5":[0,0],"6":[0,0],"7":[0,0],"8":[0,0],"9":[0,0],"10":[0,0],"11":[0,0],"12":[0,0]},"meta":{"lastBranch":13,"lastFunction":28,"lastStatement":60,"seen":{"s:14:16:15:Infinity":0,"f:14:16:14:17":0,"s:14:50:15:Infinity":1,"b:15:3:15:19:15:19:15:26":0,"b:15:26:15:42:15:42:15:Infinity":1,"f:18:22:18:66":1,"s:19:8:19:Infinity":2,"s:20:2:32:Infinity":3,"f:21:14:21:21":2,"s:22:20:22:Infinity":4,"b:22:47:22:85:22:85:22:Infinity":2,"s:23:6:30:Infinity":5,"f:29:30:29:31":3,"s:29:38:29:72":6,"s:36:43:36:Infinity":7,"f:39:22:39:43":4,"s:40:19:40:Infinity":8,"s:41:15:46:Infinity":9,"f:42:9:42:10":5,"s:43:20:43:Infinity":10,"f:43:41:43:42":6,"s:43:48:43:80":11,"s:44:6:44:Infinity":12,"b:44:21:44:44:44:44:44:Infinity":3,"f:46:12:46:13":7,"s:46:87:46:97":13,"s:47:2:47:Infinity":14,"f:47:12:47:13":8,"s:47:22:47:75":15,"s:48:2:48:Infinity":16,"f:52:22:52:44":9,"s:53:18:53:Infinity":17,"b:53:41:53:75:53:75:53:Infinity":4,"s:54:18:54:Infinity":18,"b:54:41:54:75:54:75:54:Infinity":5,"s:55:2:55:Infinity":19,"f:59:22:59:36":10,"s:60:19:68:Infinity":20,"f:61:29:61:36":11,"s:61:43:67:6":21,"s:69:2:69:Infinity":22,"f:69:16:69:17":12,"s:69:26:69:67":23,"s:71:20:71:Infinity":24,"b:71:51:71:93:71:93:71:Infinity":6,"s:73:23:80:Infinity":25,"f:74:34:74:41":13,"s:74:48:79:6":26,"b:78:25:78:52:78:52:78:Infinity":7,"s:82:2:82:Infinity":27,"f:86:22:86:39":14,"s:87:20:89:Infinity":28,"b:88:6:88:Infinity:89:6:89:Infinity":8,"s:90:19:90:Infinity":29,"s:91:2:91:Infinity":30,"f:95:22:95:38":15,"s:96:19:96:Infinity":31,"s:97:16:97:Infinity":32,"f:97:32:97:33":16,"s:97:39:97:90":33,"f:97:61:97:62":17,"s:97:68:97:89":34,"s:98:2:101:Infinity":35,"f:98:19:98:20":18,"s:99:17:99:Infinity":36,"f:99:43:99:44":19,"s:99:53:99:94":37,"s:100:4:100:Infinity":38,"b:100:35:100:50:100:50:100:55":9,"f:105:22:105:38":20,"s:106:19:106:Infinity":39,"s:107:74:107:Infinity":40,"s:108:2:114:Infinity":41,"s:109:4:113:Infinity":42,"b:110:6:112:Infinity:undefined:undefined:undefined:undefined":10,"s:110:6:112:Infinity":43,"f:110:25:110:26":21,"s:110:32:110:50":44,"s:111:8:111:Infinity":45,"s:115:2:115:Infinity":46,"f:119:22:119:44":22,"s:120:19:120:Infinity":47,"s:121:78:121:Infinity":48,"s:122:2:128:Infinity":49,"s:123:4:127:Infinity":50,"b:124:6:126:Infinity:undefined:undefined:undefined:undefined":11,"s:124:6:126:Infinity":51,"s:125:8:125:Infinity":52,"s:129:2:129:Infinity":53,"f:133:22:133:39":23,"s:134:8:136:Infinity":54,"f:134:58:134:59":24,"s:135:4:135:Infinity":55,"s:137:2:155:Infinity":56,"f:138:17:138:24":25,"s:138:31:154:6":57,"b:143:34:144:Infinity:145:10:145:Infinity":12,"f:144:51:144:52":26,"s:144:59:144:93":58,"f:149:46:149:47":27,"s:149:54:153:8":59},"fnNames":{}}}
,"/Users/sarthak/Desktop/fleet/materia/src/lib/explorer/renderer.ts": {"path":"/Users/sarthak/Desktop/fleet/materia/src/lib/explorer/renderer.ts","statementMap":{"0":{"start":{"line":37,"column":2},"end":{"line":37,"column":null}},"1":{"start":{"line":37,"column":34},"end":{"line":37,"column":46}}},"fnMap":{"0":{"name":"indexParts","decl":{"start":{"line":36,"column":16},"end":{"line":36,"column":27}},"loc":{"start":{"line":36,"column":77},"end":{"line":38,"column":null}},"line":36},"1":{"name":"(anonymous_1)","decl":{"start":{"line":37,"column":27},"end":{"line":37,"column":28}},"loc":{"start":{"line":37,"column":34},"end":{"line":37,"column":46}},"line":37}},"branchMap":{},"s":{"0":0,"1":0},"f":{"0":0,"1":0},"b":{},"meta":{"lastBranch":0,"lastFunction":2,"lastStatement":2,"seen":{"f:36:16:36:27":0,"s:37:2:37:Infinity":0,"f:37:27:37:28":1,"s:37:34:37:46":1},"fnNames":{}}}
,"/Users/sarthak/Desktop/fleet/materia/src/lib/explorer/store.ts": {"path":"/Users/sarthak/Desktop/fleet/materia/src/lib/explorer/store.ts","statementMap":{"0":{"start":{"line":13,"column":13},"end":{"line":13,"column":null}},"1":{"start":{"line":14,"column":13},"end":{"line":14,"column":null}},"2":{"start":{"line":17,"column":13},"end":{"line":17,"column":null}},"3":{"start":{"line":19,"column":13},"end":{"line":19,"column":null}},"4":{"start":{"line":21,"column":13},"end":{"line":21,"column":null}},"5":{"start":{"line":23,"column":13},"end":{"line":23,"column":null}},"6":{"start":{"line":27,"column":14},"end":{"line":27,"column":null}},"7":{"start":{"line":28,"column":2},"end":{"line":28,"column":null}},"8":{"start":{"line":28,"column":61},"end":{"line":28,"column":72}},"9":{"start":{"line":31,"column":2},"end":{"line":31,"column":null}},"10":{"start":{"line":31,"column":56},"end":{"line":31,"column":67}},"11":{"start":{"line":34,"column":2},"end":{"line":34,"column":null}},"12":{"start":{"line":37,"column":2},"end":{"line":37,"column":null}},"13":{"start":{"line":40,"column":2},"end":{"line":40,"column":null}},"14":{"start":{"line":43,"column":2},"end":{"line":43,"column":null}},"15":{"start":{"line":46,"column":2},"end":{"line":46,"column":null}}},"fnMap":{"0":{"name":"togglePart","decl":{"start":{"line":26,"column":16},"end":{"line":26,"column":27}},"loc":{"start":{"line":26,"column":42},"end":{"line":29,"column":null}},"line":26},"1":{"name":"(anonymous_1)","decl":{"start":{"line":28,"column":54},"end":{"line":28,"column":55}},"loc":{"start":{"line":28,"column":61},"end":{"line":28,"column":72}},"line":28},"2":{"name":"removePart","decl":{"start":{"line":30,"column":16},"end":{"line":30,"column":27}},"loc":{"start":{"line":30,"column":42},"end":{"line":32,"column":null}},"line":30},"3":{"name":"(anonymous_3)","decl":{"start":{"line":31,"column":49},"end":{"line":31,"column":50}},"loc":{"start":{"line":31,"column":56},"end":{"line":31,"column":67}},"line":31},"4":{"name":"clearParts","decl":{"start":{"line":33,"column":16},"end":{"line":33,"column":29}},"loc":{"start":{"line":33,"column":29},"end":{"line":35,"column":null}},"line":33},"5":{"name":"hoverPart","decl":{"start":{"line":36,"column":16},"end":{"line":36,"column":26}},"loc":{"start":{"line":36,"column":48},"end":{"line":38,"column":null}},"line":36},"6":{"name":"setSystem","decl":{"start":{"line":39,"column":16},"end":{"line":39,"column":26}},"loc":{"start":{"line":39,"column":44},"end":{"line":44,"column":null}},"line":39},"7":{"name":"setView","decl":{"start":{"line":45,"column":16},"end":{"line":45,"column":24}},"loc":{"start":{"line":45,"column":38},"end":{"line":47,"column":null}},"line":45}},"branchMap":{"0":{"loc":{"start":{"line":28,"column":21},"end":{"line":28,"column":91}},"type":"cond-expr","locations":[{"start":{"line":28,"column":43},"end":{"line":28,"column":76}},{"start":{"line":28,"column":76},"end":{"line":28,"column":91}}],"line":28}},"s":{"0":0,"1":0,"2":0,"3":0,"4":0,"5":0,"6":0,"7":0,"8":0,"9":0,"10":0,"11":0,"12":0,"13":0,"14":0,"15":0},"f":{"0":0,"1":0,"2":0,"3":0,"4":0,"5":0,"6":0,"7":0},"b":{"0":[0,0]},"meta":{"lastBranch":1,"lastFunction":8,"lastStatement":16,"seen":{"s:13:13:13:Infinity":0,"s:14:13:14:Infinity":1,"s:17:13:17:Infinity":2,"s:19:13:19:Infinity":3,"s:21:13:21:Infinity":4,"s:23:13:23:Infinity":5,"f:26:16:26:27":0,"s:27:14:27:Infinity":6,"s:28:2:28:Infinity":7,"b:28:43:28:76:28:76:28:91":0,"f:28:54:28:55":1,"s:28:61:28:72":8,"f:30:16:30:27":2,"s:31:2:31:Infinity":9,"f:31:49:31:50":3,"s:31:56:31:67":10,"f:33:16:33:29":4,"s:34:2:34:Infinity":11,"f:36:16:36:26":5,"s:37:2:37:Infinity":12,"f:39:16:39:26":6,"s:40:2:40:Infinity":13,"s:43:2:43:Infinity":14,"f:45:16:45:24":7,"s:46:2:46:Infinity":15},"fnNames":{}}}
}
